2026-04-06 16:02:44,651 [INFO] Starting import from: all_india_villages_clean.csv
2026-04-06 16:02:44,651 [INFO] Reading CSV file...
2026-04-06 16:02:45,380 [INFO] Loaded 619,225 rows
2026-04-06 16:02:46,558 [INFO] Country 'India' id=1
2026-04-06 16:02:48,244 [INFO] Upserted 30 states
2026-04-06 16:03:19,652 [INFO] Upserted 580 districts
2026-04-06 16:08:27,216 [INFO] Upserted 5697 sub-districts
2026-04-06 16:08:27,271 [INFO] Inserting villages in batches of 5,000...
2026-04-06 16:08:32,595 [INFO]   Progress: 5,000/619,225 (0.8%)
2026-04-06 16:08:36,625 [INFO]   Progress: 10,000/619,225 (1.6%)
2026-04-06 16:08:40,663 [INFO]   Progress: 15,000/619,225 (2.4%)
2026-04-06 16:08:44,838 [INFO]   Progress: 20,000/619,225 (3.2%)
2026-04-06 16:08:48,708 [INFO]   Progress: 25,000/619,225 (4.0%)
2026-04-06 16:08:52,466 [INFO]   Progress: 30,000/619,225 (4.8%)
2026-04-06 16:08:56,308 [INFO]   Progress: 35,000/619,225 (5.7%)
2026-04-06 16:08:59,942 [INFO]   Progress: 40,000/619,225 (6.5%)
2026-04-06 16:09:03,901 [INFO]   Progress: 45,000/619,225 (7.3%)
2026-04-06 16:09:07,987 [INFO]   Progress: 50,000/619,225 (8.1%)
2026-04-06 16:09:11,932 [INFO]   Progress: 55,000/619,225 (8.9%)
2026-04-06 16:09:15,195 [INFO]   Progress: 60,000/619,225 (9.7%)
2026-04-06 16:09:19,040 [INFO]   Progress: 65,000/619,225 (10.5%)
2026-04-06 16:09:22,736 [INFO]   Progress: 70,000/619,225 (11.3%)
2026-04-06 16:09:26,684 [INFO]   Progress: 75,000/619,225 (12.1%)
2026-04-06 16:09:30,832 [INFO]   Progress: 80,000/619,225 (12.9%)
2026-04-06 16:09:35,013 [INFO]   Progress: 85,000/619,225 (13.7%)
2026-04-06 16:09:38,903 [INFO]   Progress: 90,000/619,225 (14.5%)
2026-04-06 16:09:43,577 [INFO]   Progress: 95,000/619,225 (15.3%)
2026-04-06 16:09:47,248 [INFO]   Progress: 100,000/619,225 (16.1%)
2026-04-06 16:09:50,805 [INFO]   Progress: 105,000/619,225 (17.0%)
2026-04-06 16:09:54,435 [INFO]   Progress: 110,000/619,225 (17.8%)
2026-04-06 16:09:58,002 [INFO]   Progress: 115,000/619,225 (18.6%)
2026-04-06 16:10:01,776 [INFO]   Progress: 120,000/619,225 (19.4%)
2026-04-06 16:10:05,393 [INFO]   Progress: 125,000/619,225 (20.2%)
2026-04-06 16:10:09,327 [INFO]   Progress: 130,000/619,225 (21.0%)
2026-04-06 16:10:12,960 [INFO]   Progress: 135,000/619,225 (21.8%)
2026-04-06 16:10:16,951 [INFO]   Progress: 140,000/619,225 (22.6%)
2026-04-06 16:10:21,118 [INFO]   Progress: 145,000/619,225 (23.4%)
2026-04-06 16:10:24,979 [INFO]   Progress: 150,000/619,225 (24.2%)
2026-04-06 16:10:29,267 [INFO]   Progress: 155,000/619,225 (25.0%)
2026-04-06 16:10:32,966 [INFO]   Progress: 160,000/619,225 (25.8%)
2026-04-06 16:10:36,626 [INFO]   Progress: 165,000/619,225 (26.6%)
2026-04-06 16:10:40,158 [INFO]   Progress: 170,000/619,225 (27.5%)
2026-04-06 16:10:44,351 [INFO]   Progress: 175,000/619,225 (28.3%)
2026-04-06 16:10:48,340 [INFO]   Progress: 180,000/619,225 (29.1%)
2026-04-06 16:10:52,382 [INFO]   Progress: 185,000/619,225 (29.9%)
2026-04-06 16:10:56,454 [INFO]   Progress: 190,000/619,225 (30.7%)
2026-04-06 16:11:00,372 [INFO]   Progress: 195,000/619,225 (31.5%)
2026-04-06 16:11:04,233 [INFO]   Progress: 200,000/619,225 (32.3%)
2026-04-06 16:11:08,563 [INFO]   Progress: 205,000/619,225 (33.1%)
2026-04-06 16:11:12,761 [INFO]   Progress: 210,000/619,225 (33.9%)
2026-04-06 16:11:16,968 [INFO]   Progress: 215,000/619,225 (34.7%)
2026-04-06 16:11:20,967 [INFO]   Progress: 220,000/619,225 (35.5%)
2026-04-06 16:11:25,191 [INFO]   Progress: 225,000/619,225 (36.3%)
2026-04-06 16:11:28,769 [INFO]   Progress: 230,000/619,225 (37.1%)
2026-04-06 16:11:32,495 [INFO]   Progress: 235,000/619,225 (38.0%)
2026-04-06 16:11:36,490 [INFO]   Progress: 240,000/619,225 (38.8%)
2026-04-06 16:11:40,533 [INFO]   Progress: 245,000/619,225 (39.6%)
2026-04-06 16:11:44,649 [INFO]   Progress: 250,000/619,225 (40.4%)
2026-04-06 16:11:48,836 [INFO]   Progress: 255,000/619,225 (41.2%)
2026-04-06 16:11:52,674 [INFO]   Progress: 260,000/619,225 (42.0%)
2026-04-06 16:11:56,193 [INFO]   Progress: 265,000/619,225 (42.8%)
2026-04-06 16:12:00,107 [INFO]   Progress: 270,000/619,225 (43.6%)
2026-04-06 16:12:04,187 [INFO]   Progress: 275,000/619,225 (44.4%)
2026-04-06 16:12:08,443 [INFO]   Progress: 280,000/619,225 (45.2%)
2026-04-06 16:12:12,689 [INFO]   Progress: 285,000/619,225 (46.0%)
2026-04-06 16:12:16,541 [INFO]   Progress: 290,000/619,225 (46.8%)
2026-04-06 16:12:20,830 [INFO]   Progress: 295,000/619,225 (47.6%)
2026-04-06 16:12:25,012 [INFO]   Progress: 300,000/619,225 (48.4%)
2026-04-06 16:12:28,812 [INFO]   Progress: 305,000/619,225 (49.3%)
2026-04-06 16:12:32,644 [INFO]   Progress: 310,000/619,225 (50.1%)
2026-04-06 16:12:36,414 [INFO]   Progress: 315,000/619,225 (50.9%)
2026-04-06 16:12:39,818 [INFO]   Progress: 320,000/619,225 (51.7%)
2026-04-06 16:12:43,822 [INFO]   Progress: 325,000/619,225 (52.5%)
2026-04-06 16:12:47,817 [INFO]   Progress: 330,000/619,225 (53.3%)
2026-04-06 16:12:51,821 [INFO]   Progress: 335,000/619,225 (54.1%)
2026-04-06 16:12:56,315 [INFO]   Progress: 340,000/619,225 (54.9%)
2026-04-06 16:13:00,269 [INFO]   Progress: 345,000/619,225 (55.7%)
2026-04-06 16:13:04,673 [INFO]   Progress: 350,000/619,225 (56.5%)
2026-04-06 16:13:08,448 [INFO]   Progress: 355,000/619,225 (57.3%)
2026-04-06 16:13:12,571 [INFO]   Progress: 360,000/619,225 (58.1%)
2026-04-06 16:13:17,480 [INFO]   Progress: 365,000/619,225 (58.9%)
2026-04-06 16:13:21,566 [INFO]   Progress: 370,000/619,225 (59.8%)
2026-04-06 16:13:25,717 [INFO]   Progress: 375,000/619,225 (60.6%)
2026-04-06 16:13:29,569 [INFO]   Progress: 380,000/619,225 (61.4%)
2026-04-06 16:13:33,295 [INFO]   Progress: 385,000/619,225 (62.2%)
2026-04-06 16:13:37,331 [INFO]   Progress: 390,000/619,225 (63.0%)
2026-04-06 16:13:41,807 [INFO]   Progress: 395,000/619,225 (63.8%)
2026-04-06 16:13:45,670 [INFO]   Progress: 400,000/619,225 (64.6%)
2026-04-06 16:13:49,892 [INFO]   Progress: 405,000/619,225 (65.4%)
2026-04-06 16:13:53,904 [INFO]   Progress: 410,000/619,225 (66.2%)
2026-04-06 16:13:58,800 [INFO]   Progress: 415,000/619,225 (67.0%)
2026-04-06 16:14:03,326 [INFO]   Progress: 420,000/619,225 (67.8%)
2026-04-06 16:14:07,389 [INFO]   Progress: 425,000/619,225 (68.6%)
2026-04-06 16:14:11,464 [INFO]   Progress: 430,000/619,225 (69.4%)
2026-04-06 16:14:15,425 [INFO]   Progress: 435,000/619,225 (70.2%)
2026-04-06 16:14:19,386 [INFO]   Progress: 440,000/619,225 (71.1%)
2026-04-06 16:14:23,548 [INFO]   Progress: 445,000/619,225 (71.9%)
2026-04-06 16:14:27,469 [INFO]   Progress: 450,000/619,225 (72.7%)
2026-04-06 16:14:31,480 [INFO]   Progress: 455,000/619,225 (73.5%)
2026-04-06 16:14:35,856 [INFO]   Progress: 460,000/619,225 (74.3%)
2026-04-06 16:14:39,938 [INFO]   Progress: 465,000/619,225 (75.1%)
2026-04-06 16:14:43,919 [INFO]   Progress: 470,000/619,225 (75.9%)
2026-04-06 16:14:47,905 [INFO]   Progress: 475,000/619,225 (76.7%)
2026-04-06 16:14:51,598 [INFO]   Progress: 480,000/619,225 (77.5%)
2026-04-06 16:14:55,899 [INFO]   Progress: 485,000/619,225 (78.3%)
2026-04-06 16:14:59,748 [INFO]   Progress: 490,000/619,225 (79.1%)
2026-04-06 16:15:03,513 [INFO]   Progress: 495,000/619,225 (79.9%)
2026-04-06 16:15:07,544 [INFO]   Progress: 500,000/619,225 (80.7%)
2026-04-06 16:15:11,753 [INFO]   Progress: 505,000/619,225 (81.6%)
2026-04-06 16:15:15,795 [INFO]   Progress: 510,000/619,225 (82.4%)
2026-04-06 16:15:20,093 [INFO]   Progress: 515,000/619,225 (83.2%)
2026-04-06 16:15:24,288 [INFO]   Progress: 520,000/619,225 (84.0%)
2026-04-06 16:15:28,194 [INFO]   Progress: 525,000/619,225 (84.8%)
2026-04-06 16:15:32,345 [INFO]   Progress: 530,000/619,225 (85.6%)
2026-04-06 16:15:36,897 [INFO]   Progress: 535,000/619,225 (86.4%)
2026-04-06 16:15:41,365 [INFO]   Progress: 540,000/619,225 (87.2%)
2026-04-06 16:15:45,769 [INFO]   Progress: 545,000/619,225 (88.0%)
2026-04-06 16:15:49,963 [INFO]   Progress: 550,000/619,225 (88.8%)
2026-04-06 16:15:53,667 [INFO]   Progress: 555,000/619,225 (89.6%)
2026-04-06 16:15:57,700 [INFO]   Progress: 560,000/619,225 (90.4%)
2026-04-06 16:16:01,635 [INFO]   Progress: 565,000/619,225 (91.2%)
2026-04-06 16:16:05,823 [INFO]   Progress: 570,000/619,225 (92.1%)
2026-04-06 16:16:09,799 [INFO]   Progress: 575,000/619,225 (92.9%)
2026-04-06 16:16:14,396 [INFO]   Progress: 580,000/619,225 (93.7%)
2026-04-06 16:16:18,760 [INFO]   Progress: 585,000/619,225 (94.5%)
2026-04-06 16:16:22,660 [INFO]   Progress: 590,000/619,225 (95.3%)
2026-04-06 16:16:26,840 [INFO]   Progress: 595,000/619,225 (96.1%)
2026-04-06 16:16:30,949 [INFO]   Progress: 600,000/619,225 (96.9%)
2026-04-06 16:16:34,966 [INFO]   Progress: 605,000/619,225 (97.7%)
2026-04-06 16:16:38,966 [INFO]   Progress: 610,000/619,225 (98.5%)
2026-04-06 16:16:43,201 [INFO]   Progress: 615,000/619,225 (99.3%)
2026-04-06 16:16:47,003 [INFO]   Country: 1 records
2026-04-06 16:16:47,058 [INFO]   State: 30 records
2026-04-06 16:16:47,112 [INFO]   District: 580 records
2026-04-06 16:16:47,164 [INFO]   SubDistrict: 5,697 records
2026-04-06 16:16:47,302 [INFO]   Village: 619,225 records
2026-04-06 16:16:47,304 [INFO] Import complete in 842.7s | 619,225 villages | 0 errors
