2026-04-06 15:00:39,010 [INFO] Starting import from: all_india_villages_clean.csv
2026-04-06 15:00:39,010 [INFO] Reading CSV file...
2026-04-06 15:00:39,755 [INFO] Loaded 619,225 rows
2026-04-06 15:00:40,866 [INFO] Country 'India' id=1
2026-04-06 15:00:42,127 [INFO] Upserted 30 states
2026-04-06 15:01:04,891 [INFO] Upserted 580 districts
2026-04-06 15:04:57,342 [INFO] Upserted 5697 sub-districts
2026-04-06 15:04:57,383 [INFO] Inserting villages in batches of 5,000...
2026-04-06 15:05:00,065 [INFO]   Progress: 5,000/619,225 (0.8%)
2026-04-06 15:05:02,690 [INFO]   Progress: 10,000/619,225 (1.6%)
2026-04-06 15:05:05,372 [INFO]   Progress: 15,000/619,225 (2.4%)
2026-04-06 15:05:08,211 [INFO]   Progress: 20,000/619,225 (3.2%)
2026-04-06 15:05:10,899 [INFO]   Progress: 25,000/619,225 (4.0%)
2026-04-06 15:05:13,527 [INFO]   Progress: 30,000/619,225 (4.8%)
2026-04-06 15:05:16,359 [INFO]   Progress: 35,000/619,225 (5.7%)
2026-04-06 15:05:19,119 [INFO]   Progress: 40,000/619,225 (6.5%)
2026-04-06 15:05:21,963 [INFO]   Progress: 45,000/619,225 (7.3%)
2026-04-06 15:05:25,012 [INFO]   Progress: 50,000/619,225 (8.1%)
2026-04-06 15:05:27,953 [INFO]   Progress: 55,000/619,225 (8.9%)
2026-04-06 15:05:30,514 [INFO]   Progress: 60,000/619,225 (9.7%)
2026-04-06 15:05:33,385 [INFO]   Progress: 65,000/619,225 (10.5%)
2026-04-06 15:05:36,126 [INFO]   Progress: 70,000/619,225 (11.3%)
2026-04-06 15:05:39,093 [INFO]   Progress: 75,000/619,225 (12.1%)
2026-04-06 15:05:42,109 [INFO]   Progress: 80,000/619,225 (12.9%)
2026-04-06 15:05:45,203 [INFO]   Progress: 85,000/619,225 (13.7%)
2026-04-06 15:05:48,233 [INFO]   Progress: 90,000/619,225 (14.5%)
2026-04-06 15:05:51,952 [INFO]   Progress: 95,000/619,225 (15.3%)
2026-04-06 15:05:55,372 [INFO]   Progress: 100,000/619,225 (16.1%)
2026-04-06 15:05:58,900 [INFO]   Progress: 105,000/619,225 (17.0%)
2026-04-06 15:06:01,571 [INFO]   Progress: 110,000/619,225 (17.8%)
2026-04-06 15:06:04,201 [INFO]   Progress: 115,000/619,225 (18.6%)
2026-04-06 15:06:07,078 [INFO]   Progress: 120,000/619,225 (19.4%)
2026-04-06 15:06:09,857 [INFO]   Progress: 125,000/619,225 (20.2%)
2026-04-06 15:06:12,421 [INFO]   Progress: 130,000/619,225 (21.0%)
2026-04-06 15:06:15,103 [INFO]   Progress: 135,000/619,225 (21.8%)
2026-04-06 15:06:18,080 [INFO]   Progress: 140,000/619,225 (22.6%)
2026-04-06 15:06:21,116 [INFO]   Progress: 145,000/619,225 (23.4%)
2026-04-06 15:06:24,025 [INFO]   Progress: 150,000/619,225 (24.2%)
2026-04-06 15:06:26,949 [INFO]   Progress: 155,000/619,225 (25.0%)
2026-04-06 15:06:29,842 [INFO]   Progress: 160,000/619,225 (25.8%)
2026-04-06 15:06:32,660 [INFO]   Progress: 165,000/619,225 (26.6%)
2026-04-06 15:06:35,362 [INFO]   Progress: 170,000/619,225 (27.5%)
2026-04-06 15:06:38,360 [INFO]   Progress: 175,000/619,225 (28.3%)
2026-04-06 15:06:41,076 [INFO]   Progress: 180,000/619,225 (29.1%)
2026-04-06 15:06:43,968 [INFO]   Progress: 185,000/619,225 (29.9%)
2026-04-06 15:06:46,847 [INFO]   Progress: 190,000/619,225 (30.7%)
2026-04-06 15:06:49,802 [INFO]   Progress: 195,000/619,225 (31.5%)
2026-04-06 15:06:52,754 [INFO]   Progress: 200,000/619,225 (32.3%)
2026-04-06 15:06:55,712 [INFO]   Progress: 205,000/619,225 (33.1%)
2026-04-06 15:06:58,725 [INFO]   Progress: 210,000/619,225 (33.9%)
2026-04-06 15:07:01,603 [INFO]   Progress: 215,000/619,225 (34.7%)
2026-04-06 15:07:04,609 [INFO]   Progress: 220,000/619,225 (35.5%)
2026-04-06 15:07:07,570 [INFO]   Progress: 225,000/619,225 (36.3%)
2026-04-06 15:07:10,243 [INFO]   Progress: 230,000/619,225 (37.1%)
2026-04-06 15:07:12,986 [INFO]   Progress: 235,000/619,225 (38.0%)
2026-04-06 15:07:16,085 [INFO]   Progress: 240,000/619,225 (38.8%)
2026-04-06 15:07:19,124 [INFO]   Progress: 245,000/619,225 (39.6%)
2026-04-06 15:07:22,178 [INFO]   Progress: 250,000/619,225 (40.4%)
2026-04-06 15:07:25,192 [INFO]   Progress: 255,000/619,225 (41.2%)
2026-04-06 15:07:28,237 [INFO]   Progress: 260,000/619,225 (42.0%)
2026-04-06 15:07:30,955 [INFO]   Progress: 265,000/619,225 (42.8%)
2026-04-06 15:07:33,941 [INFO]   Progress: 270,000/619,225 (43.6%)
2026-04-06 15:07:36,826 [INFO]   Progress: 275,000/619,225 (44.4%)
2026-04-06 15:07:39,654 [INFO]   Progress: 280,000/619,225 (45.2%)
2026-04-06 15:07:42,931 [INFO]   Progress: 285,000/619,225 (46.0%)
2026-04-06 15:07:45,939 [INFO]   Progress: 290,000/619,225 (46.8%)
2026-04-06 15:07:49,015 [INFO]   Progress: 295,000/619,225 (47.6%)
2026-04-06 15:07:52,177 [INFO]   Progress: 300,000/619,225 (48.4%)
2026-04-06 15:07:55,279 [INFO]   Progress: 305,000/619,225 (49.3%)
2026-04-06 15:07:58,391 [INFO]   Progress: 310,000/619,225 (50.1%)
2026-04-06 15:08:01,268 [INFO]   Progress: 315,000/619,225 (50.9%)
2026-04-06 15:08:04,109 [INFO]   Progress: 320,000/619,225 (51.7%)
2026-04-06 15:08:06,969 [INFO]   Progress: 325,000/619,225 (52.5%)
2026-04-06 15:08:09,965 [INFO]   Progress: 330,000/619,225 (53.3%)
2026-04-06 15:08:12,984 [INFO]   Progress: 335,000/619,225 (54.1%)
2026-04-06 15:08:15,964 [INFO]   Progress: 340,000/619,225 (54.9%)
2026-04-06 15:08:19,009 [INFO]   Progress: 345,000/619,225 (55.7%)
2026-04-06 15:08:21,907 [INFO]   Progress: 350,000/619,225 (56.5%)
2026-04-06 15:08:24,762 [INFO]   Progress: 355,000/619,225 (57.3%)
2026-04-06 15:08:27,671 [INFO]   Progress: 360,000/619,225 (58.1%)
2026-04-06 15:08:30,937 [INFO]   Progress: 365,000/619,225 (58.9%)
2026-04-06 15:08:34,002 [INFO]   Progress: 370,000/619,225 (59.8%)
2026-04-06 15:08:36,758 [INFO]   Progress: 375,000/619,225 (60.6%)
2026-04-06 15:08:39,099 [INFO]   Progress: 380,000/619,225 (61.4%)
2026-04-06 15:08:42,415 [INFO]   Progress: 385,000/619,225 (62.2%)
2026-04-06 15:08:44,730 [INFO]   Progress: 390,000/619,225 (63.0%)
2026-04-06 15:08:47,031 [INFO]   Progress: 395,000/619,225 (63.8%)
2026-04-06 15:08:49,317 [INFO]   Progress: 400,000/619,225 (64.6%)
2026-04-06 15:08:51,605 [INFO]   Progress: 405,000/619,225 (65.4%)
2026-04-06 15:08:53,892 [INFO]   Progress: 410,000/619,225 (66.2%)
2026-04-06 15:08:56,192 [INFO]   Progress: 415,000/619,225 (67.0%)
2026-04-06 15:08:58,488 [INFO]   Progress: 420,000/619,225 (67.8%)
2026-04-06 15:09:00,828 [INFO]   Progress: 425,000/619,225 (68.6%)
2026-04-06 15:09:03,160 [INFO]   Progress: 430,000/619,225 (69.4%)
2026-04-06 15:09:05,468 [INFO]   Progress: 435,000/619,225 (70.2%)
2026-04-06 15:09:07,766 [INFO]   Progress: 440,000/619,225 (71.1%)
2026-04-06 15:09:10,153 [INFO]   Progress: 445,000/619,225 (71.9%)
2026-04-06 15:09:12,472 [INFO]   Progress: 450,000/619,225 (72.7%)
2026-04-06 15:09:14,776 [INFO]   Progress: 455,000/619,225 (73.5%)
2026-04-06 15:09:17,077 [INFO]   Progress: 460,000/619,225 (74.3%)
2026-04-06 15:09:19,416 [INFO]   Progress: 465,000/619,225 (75.1%)
2026-04-06 15:09:21,718 [INFO]   Progress: 470,000/619,225 (75.9%)
2026-04-06 15:09:24,019 [INFO]   Progress: 475,000/619,225 (76.7%)
2026-04-06 15:09:26,353 [INFO]   Progress: 480,000/619,225 (77.5%)
2026-04-06 15:09:28,648 [INFO]   Progress: 485,000/619,225 (78.3%)
2026-04-06 15:09:30,925 [INFO]   Progress: 490,000/619,225 (79.1%)
2026-04-06 15:09:33,204 [INFO]   Progress: 495,000/619,225 (79.9%)
2026-04-06 15:09:35,502 [INFO]   Progress: 500,000/619,225 (80.7%)
2026-04-06 15:09:37,801 [INFO]   Progress: 505,000/619,225 (81.6%)
2026-04-06 15:09:40,073 [INFO]   Progress: 510,000/619,225 (82.4%)
2026-04-06 15:09:42,362 [INFO]   Progress: 515,000/619,225 (83.2%)
2026-04-06 15:09:44,661 [INFO]   Progress: 520,000/619,225 (84.0%)
2026-04-06 15:09:46,981 [INFO]   Progress: 525,000/619,225 (84.8%)
2026-04-06 15:13:59,154 [INFO]   Progress: 530,000/619,225 (85.6%)
2026-04-06 15:14:01,465 [INFO]   Progress: 535,000/619,225 (86.4%)
2026-04-06 15:14:03,927 [INFO]   Progress: 540,000/619,225 (87.2%)
2026-04-06 15:14:06,206 [INFO]   Progress: 545,000/619,225 (88.0%)
2026-04-06 15:14:08,515 [INFO]   Progress: 550,000/619,225 (88.8%)
2026-04-06 15:14:10,859 [INFO]   Progress: 555,000/619,225 (89.6%)
2026-04-06 15:14:13,139 [INFO]   Progress: 560,000/619,225 (90.4%)
2026-04-06 15:14:15,444 [INFO]   Progress: 565,000/619,225 (91.2%)
2026-04-06 15:14:17,736 [INFO]   Progress: 570,000/619,225 (92.1%)
2026-04-06 15:14:20,019 [INFO]   Progress: 575,000/619,225 (92.9%)
2026-04-06 15:14:22,370 [INFO]   Progress: 580,000/619,225 (93.7%)
2026-04-06 15:14:24,723 [INFO]   Progress: 585,000/619,225 (94.5%)
2026-04-06 15:14:27,015 [INFO]   Progress: 590,000/619,225 (95.3%)
2026-04-06 15:14:29,312 [INFO]   Progress: 595,000/619,225 (96.1%)
2026-04-06 15:14:31,623 [INFO]   Progress: 600,000/619,225 (96.9%)
2026-04-06 15:14:33,930 [INFO]   Progress: 605,000/619,225 (97.7%)
2026-04-06 15:14:36,251 [INFO]   Progress: 610,000/619,225 (98.5%)
2026-04-06 15:14:38,576 [INFO]   Progress: 615,000/619,225 (99.3%)
2026-04-06 15:14:40,767 [INFO]   Country: 1 records
2026-04-06 15:14:40,843 [INFO]   State: 30 records
2026-04-06 15:14:40,882 [INFO]   District: 580 records
2026-04-06 15:14:40,920 [INFO]   SubDistrict: 5,697 records
2026-04-06 15:14:41,015 [INFO]   Village: 619,225 records
2026-04-06 15:14:41,018 [INFO] Import complete in 842.0s | 619,225 villages | 0 errors
